2024-12-06T09:37:24.816+08:00  INFO 2928 --- [main] com.example.basic.BasicApplication       : Starting BasicApplication using Java 17.0.6 with PID 2928 (C:\wst_han\basic\target\classes started by WST in C:\wst_han\basic)
2024-12-06T09:37:24.826+08:00  INFO 2928 --- [main] com.example.basic.BasicApplication       : No active profile set, falling back to 1 default profile: "default"
2024-12-06T09:37:25.277+08:00  INFO 2928 --- [main] .s.d.r.c.RepositoryConfigurationDelegate : Multiple Spring Data modules found, entering strict repository configuration mode
2024-12-06T09:37:25.278+08:00  INFO 2928 --- [main] .s.d.r.c.RepositoryConfigurationDelegate : Bootstrapping Spring Data Redis repositories in DEFAULT mode.
2024-12-06T09:37:25.301+08:00  INFO 2928 --- [main] .s.d.r.c.RepositoryConfigurationDelegate : Finished Spring Data repository scanning in 10 ms. Found 0 Redis repository interfaces.
2024-12-06T09:37:25.671+08:00  INFO 2928 --- [main] o.s.b.w.embedded.tomcat.TomcatWebServer  : Tomcat initialized with port(s): 9008 (http)
2024-12-06T09:37:25.676+08:00  INFO 2928 --- [main] o.apache.catalina.core.StandardService   : Starting service [Tomcat]
2024-12-06T09:37:25.676+08:00  INFO 2928 --- [main] o.apache.catalina.core.StandardEngine    : Starting Servlet engine: [Apache Tomcat/10.1.8]
2024-12-06T09:37:25.746+08:00  INFO 2928 --- [main] o.a.c.c.C.[Tomcat].[localhost].[/]       : Initializing Spring embedded WebApplicationContext
2024-12-06T09:37:25.747+08:00  INFO 2928 --- [main] w.s.c.ServletWebServerApplicationContext : Root WebApplicationContext: initialization completed in 892 ms
2024-12-06T09:37:26.706+08:00  INFO 2928 --- [main] o.s.b.w.embedded.tomcat.TomcatWebServer  : Tomcat started on port(s): 9008 (http) with context path ''
2024-12-06T09:37:26.713+08:00  INFO 2928 --- [main] com.example.basic.BasicApplication       : Started BasicApplication in 2.118 seconds (process running for 2.527)
2024-12-06T09:37:55.361+08:00  INFO 2928 --- [http-nio-9008-exec-2] o.a.c.c.C.[Tomcat].[localhost].[/]       : Initializing Spring DispatcherServlet 'dispatcherServlet'
2024-12-06T09:37:55.361+08:00  INFO 2928 --- [http-nio-9008-exec-2] o.s.web.servlet.DispatcherServlet        : Initializing Servlet 'dispatcherServlet'
2024-12-06T09:37:55.362+08:00  INFO 2928 --- [http-nio-9008-exec-2] o.s.web.servlet.DispatcherServlet        : Completed initialization in 1 ms
2024-12-06T09:37:56.816+08:00  INFO 2928 --- [http-nio-9008-exec-2] com.zaxxer.hikari.HikariDataSource       : HikariPool-1 - Starting...
2024-12-06T09:37:57.884+08:00  INFO 2928 --- [http-nio-9008-exec-2] com.zaxxer.hikari.pool.HikariPool        : HikariPool-1 - Added connection com.mysql.cj.jdbc.ConnectionImpl@241faa27
2024-12-06T09:37:57.887+08:00  INFO 2928 --- [http-nio-9008-exec-2] com.zaxxer.hikari.HikariDataSource       : HikariPool-1 - Start completed.
2024-12-06T09:41:03.916+08:00  INFO 2928 --- [SpringApplicationShutdownHook] com.zaxxer.hikari.HikariDataSource       : HikariPool-1 - Shutdown initiated...
2024-12-06T09:41:03.918+08:00  INFO 2928 --- [SpringApplicationShutdownHook] com.zaxxer.hikari.HikariDataSource       : HikariPool-1 - Shutdown completed.
2024-12-06T09:41:09.224+08:00  INFO 26280 --- [main] com.example.basic.BasicApplication       : Starting BasicApplication using Java 17.0.6 with PID 26280 (C:\wst_han\basic\target\classes started by WST in C:\wst_han\basic)
2024-12-06T09:41:09.225+08:00  INFO 26280 --- [main] com.example.basic.BasicApplication       : No active profile set, falling back to 1 default profile: "default"
2024-12-06T09:41:09.650+08:00  INFO 26280 --- [main] .s.d.r.c.RepositoryConfigurationDelegate : Multiple Spring Data modules found, entering strict repository configuration mode
2024-12-06T09:41:09.652+08:00  INFO 26280 --- [main] .s.d.r.c.RepositoryConfigurationDelegate : Bootstrapping Spring Data Redis repositories in DEFAULT mode.
2024-12-06T09:41:09.672+08:00  INFO 26280 --- [main] .s.d.r.c.RepositoryConfigurationDelegate : Finished Spring Data repository scanning in 10 ms. Found 0 Redis repository interfaces.
2024-12-06T09:41:10.046+08:00  INFO 26280 --- [main] o.s.b.w.embedded.tomcat.TomcatWebServer  : Tomcat initialized with port(s): 9008 (http)
2024-12-06T09:41:10.051+08:00  INFO 26280 --- [main] o.apache.catalina.core.StandardService   : Starting service [Tomcat]
2024-12-06T09:41:10.052+08:00  INFO 26280 --- [main] o.apache.catalina.core.StandardEngine    : Starting Servlet engine: [Apache Tomcat/10.1.8]
2024-12-06T09:41:10.120+08:00  INFO 26280 --- [main] o.a.c.c.C.[Tomcat].[localhost].[/]       : Initializing Spring embedded WebApplicationContext
2024-12-06T09:41:10.120+08:00  INFO 26280 --- [main] w.s.c.ServletWebServerApplicationContext : Root WebApplicationContext: initialization completed in 868 ms
2024-12-06T09:41:11.071+08:00  INFO 26280 --- [main] o.s.b.w.embedded.tomcat.TomcatWebServer  : Tomcat started on port(s): 9008 (http) with context path ''
2024-12-06T09:41:11.076+08:00  INFO 26280 --- [main] com.example.basic.BasicApplication       : Started BasicApplication in 2.067 seconds (process running for 2.422)
2024-12-06T09:41:12.196+08:00  INFO 26280 --- [http-nio-9008-exec-2] o.a.c.c.C.[Tomcat].[localhost].[/]       : Initializing Spring DispatcherServlet 'dispatcherServlet'
2024-12-06T09:41:12.196+08:00  INFO 26280 --- [http-nio-9008-exec-2] o.s.web.servlet.DispatcherServlet        : Initializing Servlet 'dispatcherServlet'
2024-12-06T09:41:12.197+08:00  INFO 26280 --- [http-nio-9008-exec-2] o.s.web.servlet.DispatcherServlet        : Completed initialization in 1 ms
2024-12-06T09:41:13.654+08:00  INFO 26280 --- [http-nio-9008-exec-2] com.zaxxer.hikari.HikariDataSource       : HikariPool-1 - Starting...
2024-12-06T09:41:14.685+08:00  INFO 26280 --- [http-nio-9008-exec-2] com.zaxxer.hikari.pool.HikariPool        : HikariPool-1 - Added connection com.mysql.cj.jdbc.ConnectionImpl@7bd1f27d
2024-12-06T09:41:14.688+08:00  INFO 26280 --- [http-nio-9008-exec-2] com.zaxxer.hikari.HikariDataSource       : HikariPool-1 - Start completed.
2024-12-06T09:42:37.444+08:00  INFO 5176 --- [main] com.example.basic.BasicApplication       : Starting BasicApplication using Java 17.0.6 with PID 5176 (C:\wst_han\basic\target\classes started by WST in C:\wst_han\basic)
2024-12-06T09:42:37.446+08:00  INFO 5176 --- [main] com.example.basic.BasicApplication       : No active profile set, falling back to 1 default profile: "default"
2024-12-06T09:42:37.907+08:00  INFO 5176 --- [main] .s.d.r.c.RepositoryConfigurationDelegate : Multiple Spring Data modules found, entering strict repository configuration mode
2024-12-06T09:42:37.909+08:00  INFO 5176 --- [main] .s.d.r.c.RepositoryConfigurationDelegate : Bootstrapping Spring Data Redis repositories in DEFAULT mode.
2024-12-06T09:42:37.930+08:00  INFO 5176 --- [main] .s.d.r.c.RepositoryConfigurationDelegate : Finished Spring Data repository scanning in 10 ms. Found 0 Redis repository interfaces.
2024-12-06T09:42:38.317+08:00  INFO 5176 --- [main] o.s.b.w.embedded.tomcat.TomcatWebServer  : Tomcat initialized with port(s): 9008 (http)
2024-12-06T09:42:38.323+08:00  INFO 5176 --- [main] o.apache.catalina.core.StandardService   : Starting service [Tomcat]
2024-12-06T09:42:38.323+08:00  INFO 5176 --- [main] o.apache.catalina.core.StandardEngine    : Starting Servlet engine: [Apache Tomcat/10.1.8]
2024-12-06T09:42:38.384+08:00  INFO 5176 --- [main] o.a.c.c.C.[Tomcat].[localhost].[/]       : Initializing Spring embedded WebApplicationContext
2024-12-06T09:42:38.385+08:00  INFO 5176 --- [main] w.s.c.ServletWebServerApplicationContext : Root WebApplicationContext: initialization completed in 912 ms
2024-12-06T09:42:39.331+08:00  INFO 5176 --- [main] o.s.b.w.embedded.tomcat.TomcatWebServer  : Tomcat started on port(s): 9008 (http) with context path ''
2024-12-06T09:42:39.336+08:00  INFO 5176 --- [main] com.example.basic.BasicApplication       : Started BasicApplication in 2.151 seconds (process running for 2.509)
2024-12-06T09:42:40.993+08:00  INFO 5176 --- [http-nio-9008-exec-4] o.a.c.c.C.[Tomcat].[localhost].[/]       : Initializing Spring DispatcherServlet 'dispatcherServlet'
2024-12-06T09:42:40.994+08:00  INFO 5176 --- [http-nio-9008-exec-4] o.s.web.servlet.DispatcherServlet        : Initializing Servlet 'dispatcherServlet'
2024-12-06T09:42:40.995+08:00  INFO 5176 --- [http-nio-9008-exec-4] o.s.web.servlet.DispatcherServlet        : Completed initialization in 1 ms
2024-12-06T09:42:41.018+08:00  INFO 5176 --- [http-nio-9008-exec-4] com.zaxxer.hikari.HikariDataSource       : HikariPool-1 - Starting...
2024-12-06T09:42:41.288+08:00  INFO 5176 --- [http-nio-9008-exec-4] com.zaxxer.hikari.pool.HikariPool        : HikariPool-1 - Added connection com.mysql.cj.jdbc.ConnectionImpl@1f4bf3f9
2024-12-06T09:42:41.289+08:00  INFO 5176 --- [http-nio-9008-exec-4] com.zaxxer.hikari.HikariDataSource       : HikariPool-1 - Start completed.
